<?xml version="1.0" encoding="UTF-8"?>
<!-- Generated by org.testng.reporters.JUnitReportReporter -->
<testsuite hostname="DESKTOP-ASCGH8C" failures="0" tests="1" name="testCases.Test1" time="20.041" errors="0" timestamp="09 Sep 2021 07:29:29 GMT" skipped="0">
  <testcase classname="testCases.Test1" name="test1" time="20.041"/>
</testsuite> <!-- testCases.Test1 -->
